<?xml version="1.0" encoding="UTF-8"?>
<!-- Generated by org.testng.reporters.JUnitReportReporter -->
<testsuite hostname="DESKTOP-REFOC49" failures="0" tests="1" name="jupiterToysTest.TC02_Contact_ValidateMessageSentSuccess" time="33.780" errors="0" timestamp="2024-06-20T22:46:27 SGT" skipped="0">
  <testcase classname="jupiterToysTest.TC02_Contact_ValidateMessageSentSuccess" name="validateContactSuccessfulMessage" time="33.780"/>
</testsuite> <!-- jupiterToysTest.TC02_Contact_ValidateMessageSentSuccess -->
