<?xml version="1.0" encoding="UTF-8"?>
<!-- Generated by org.testng.reporters.JUnitReportReporter -->
<testsuite hostname="DESKTOP-REFOC49" failures="0" tests="1" name="jupiterToysTest.TC01_Contact_ValidateErrorMessages" time="3.917" errors="0" timestamp="2024-06-20T22:45:26 SGT" skipped="0">
  <testcase classname="jupiterToysTest.TC01_Contact_ValidateErrorMessages" name="validateContactPageErrorMessages" time="3.917"/>
</testsuite> <!-- jupiterToysTest.TC01_Contact_ValidateErrorMessages -->
