<?xml version="1.0" encoding="UTF-8"?>
<!-- Generated by org.testng.reporters.JUnitReportReporter -->
<testsuite hostname="DESKTOP-REFOC49" failures="0" tests="1" name="jupiterToysTest.TC03_Shop_ValidateProductOnCart" time="2.596" errors="0" timestamp="2024-06-20T22:46:49 SGT" skipped="0">
  <testcase classname="jupiterToysTest.TC03_Shop_ValidateProductOnCart" name="validateAddingProductToCart" time="2.596"/>
</testsuite> <!-- jupiterToysTest.TC03_Shop_ValidateProductOnCart -->
